<?xml version="1.0" encoding="UTF-8"?>
<testsuites>
  <testsuite name="tests\unit\DynamicActiveRecordPgsqlTest" file="/home/nexus/NetBeansProjects/yii2-dynamic-ar/tests/unit/DynamicActiveRecordPgsqlTest.php" tests="120" assertions="939" failures="7" errors="1" time="334.225600">
    <testcase name="testRead" class="tests\unit\DynamicActiveRecordPgsqlTest" file="/home/nexus/NetBeansProjects/yii2-dynamic-ar/tests/unit/DynamicActiveRecordPgsqlTest.php" line="66" assertions="2" time="5.328528"/>
    <testcase name="testTypes" class="tests\unit\DynamicActiveRecordPgsqlTest" file="/home/nexus/NetBeansProjects/yii2-dynamic-ar/tests/unit/DynamicActiveRecordPgsqlTest.php" line="75" assertions="10" time="5.601737"/>
    <testcase name="testAsArray" class="tests\unit\DynamicActiveRecordPgsqlTest" file="/home/nexus/NetBeansProjects/yii2-dynamic-ar/tests/unit/DynamicActiveRecordPgsqlTest.php" line="91" assertions="2" time="5.133993">
      <failure type="PHPUnit_Framework_ExpectationFailedException">tests\unit\DynamicActiveRecordPgsqlTest::testAsArray
Failed asserting that an array has the subset Array &amp;0 (
    'name' =&gt; 'product1'
    'int' =&gt; 123
    'str' =&gt; 'value1'
    'bool' =&gt; true
    'float' =&gt; 123.456
    'children' =&gt; Array &amp;1 (
        'int' =&gt; 123
        'str' =&gt; 'value1'
        'bool' =&gt; true
        'float' =&gt; 123.456
    )
).

/home/nexus/NetBeansProjects/yii2-dynamic-ar/tests/unit/DynamicActiveRecordTestPgJson.php:114
/usr/local/bin/phpunit:581
</failure>
    </testcase>
    <testsuite name="tests\unit\DynamicActiveRecordPgsqlTest::testWriteRead" tests="35" assertions="35" failures="1" errors="0" time="96.123567">
      <testcase name="testWriteRead with data set #0" assertions="1" time="5.194406"/>
      <testcase name="testWriteRead with data set #1" assertions="1" time="2.610158"/>
      <testcase name="testWriteRead with data set #2" assertions="1" time="2.653245"/>
      <testcase name="testWriteRead with data set #3" assertions="1" time="2.632084"/>
      <testcase name="testWriteRead with data set #4" assertions="1" time="2.589142"/>
      <testcase name="testWriteRead with data set #5" assertions="1" time="3.020219"/>
      <testcase name="testWriteRead with data set #6" assertions="1" time="2.588449"/>
      <testcase name="testWriteRead with data set #7" assertions="1" time="2.642161"/>
      <testcase name="testWriteRead with data set #8" assertions="1" time="2.607711"/>
      <testcase name="testWriteRead with data set #9" assertions="1" time="2.687365"/>
      <testcase name="testWriteRead with data set #10" assertions="1" time="2.643230"/>
      <testcase name="testWriteRead with data set #11" assertions="1" time="2.620826"/>
      <testcase name="testWriteRead with data set #12" assertions="1" time="2.630431"/>
      <testcase name="testWriteRead with data set #13" assertions="1" time="2.598318"/>
      <testcase name="testWriteRead with data set #14" assertions="1" time="2.643859"/>
      <testcase name="testWriteRead with data set #15" assertions="1" time="3.017734"/>
      <testcase name="testWriteRead with data set #16" assertions="1" time="2.633856"/>
      <testcase name="testWriteRead with data set #17" assertions="1" time="2.591611"/>
      <testcase name="testWriteRead with data set #18" assertions="1" time="2.887954"/>
      <testcase name="testWriteRead with data set #19" assertions="1" time="2.654674"/>
      <testcase name="testWriteRead with data set #20" assertions="1" time="2.632204"/>
      <testcase name="testWriteRead with data set #21" assertions="1" time="2.542343"/>
      <testcase name="testWriteRead with data set #22" assertions="1" time="2.607981"/>
      <testcase name="testWriteRead with data set #23" assertions="1" time="2.632232"/>
      <testcase name="testWriteRead with data set #24" assertions="1" time="2.665256"/>
      <testcase name="testWriteRead with data set #25" assertions="1" time="2.632347">
        <failure type="PHPUnit_Framework_ExpectationFailedException">tests\unit\DynamicActiveRecordPgsqlTest::testWriteRead with data set #25 ('array0', array(array(1)))
data name: array0
'1' does not match expected type "array".

/home/nexus/NetBeansProjects/yii2-dynamic-ar/tests/unit/DynamicActiveRecordTestPgJson.php:250
/usr/local/bin/phpunit:581
</failure>
      </testcase>
      <testcase name="testWriteRead with data set #26" assertions="1" time="2.717732"/>
      <testcase name="testWriteRead with data set #27" assertions="1" time="2.668705"/>
      <testcase name="testWriteRead with data set #28" assertions="1" time="2.562187"/>
      <testcase name="testWriteRead with data set #29" assertions="1" time="3.077214"/>
      <testcase name="testWriteRead with data set #30" assertions="1" time="2.630227"/>
      <testcase name="testWriteRead with data set #31" assertions="1" time="2.699791"/>
      <testcase name="testWriteRead with data set #32" assertions="1" time="2.568133"/>
      <testcase name="testWriteRead with data set #33" assertions="1" time="2.699363"/>
      <testcase name="testWriteRead with data set #34" assertions="1" time="2.640419"/>
    </testsuite>
    <testcase name="testDynamicValueObects" class="tests\unit\DynamicActiveRecordPgsqlTest" file="/home/nexus/NetBeansProjects/yii2-dynamic-ar/tests/unit/DynamicActiveRecordPgsqlTest.php" line="254" assertions="1" time="2.712148">
      <failure type="PHPUnit_Framework_ExpectationFailedException">tests\unit\DynamicActiveRecordPgsqlTest::testDynamicValueObects
Failed asserting that an array has the subset Array &amp;0 (
    'str' =&gt; 'str'
    'char' =&gt; 'char'
    'date' =&gt; '1999-12-31'
    'datetime' =&gt; '1999-12-31 23:59:59'
    'datetimeN' =&gt; '1999-12-31 23:59:59.999999'
    'time' =&gt; '12:30:00'
    'timeD' =&gt; '12:30:00.123456'
    'int' =&gt; 432
    'integer' =&gt; 432
    'unsignedInt' =&gt; 321
    'float' =&gt; 12.99
    'double' =&gt; 9.89898943849385E+19
    'decimal' =&gt; 12.99
    'decimalN' =&gt; 12.99
    'decimalND' =&gt; 12.99
).

/home/nexus/NetBeansProjects/yii2-dynamic-ar/tests/unit/DynamicActiveRecordTestPgJson.php:313
/usr/local/bin/phpunit:581
</failure>
    </testcase>
    <testcase name="testCustomColumns" class="tests\unit\DynamicActiveRecordPgsqlTest" file="/home/nexus/NetBeansProjects/yii2-dynamic-ar/tests/unit/DynamicActiveRecordPgsqlTest.php" line="323" assertions="4" time="2.648494">
      <failure type="PHPUnit_Framework_ExpectationFailedException">tests\unit\DynamicActiveRecordPgsqlTest::testCustomColumns
Failed asserting that null matches expected 246.

/home/nexus/NetBeansProjects/yii2-dynamic-ar/tests/unit/DynamicActiveRecordTestPgJson.php:331
/usr/local/bin/phpunit:581
</failure>
    </testcase>
    <testcase name="testCustomColumnsExpression" class="tests\unit\DynamicActiveRecordPgsqlTest" file="/home/nexus/NetBeansProjects/yii2-dynamic-ar/tests/unit/DynamicActiveRecordPgsqlTest.php" line="334" assertions="2" time="3.327429">
      <failure type="PHPUnit_Framework_ExpectationFailedException">tests\unit\DynamicActiveRecordPgsqlTest::testCustomColumnsExpression
Failed asserting that null matches expected 246.

/home/nexus/NetBeansProjects/yii2-dynamic-ar/tests/unit/DynamicActiveRecordTestPgJson.php:343
/usr/local/bin/phpunit:581
</failure>
    </testcase>
    <testcase name="testStatisticalFind" class="tests\unit\DynamicActiveRecordPgsqlTest" file="/home/nexus/NetBeansProjects/yii2-dynamic-ar/tests/unit/DynamicActiveRecordPgsqlTest.php" line="346" assertions="11" time="2.511080"/>
    <testcase name="testFindScalar" class="tests\unit\DynamicActiveRecordPgsqlTest" file="/home/nexus/NetBeansProjects/yii2-dynamic-ar/tests/unit/DynamicActiveRecordPgsqlTest.php" line="356" assertions="4" time="2.499689"/>
    <testcase name="testFindColumn" class="tests\unit\DynamicActiveRecordPgsqlTest" file="/home/nexus/NetBeansProjects/yii2-dynamic-ar/tests/unit/DynamicActiveRecordPgsqlTest.php" line="373" assertions="4" time="2.542532"/>
    <testcase name="testFindBySql" class="tests\unit\DynamicActiveRecordPgsqlTest" file="/home/nexus/NetBeansProjects/yii2-dynamic-ar/tests/unit/DynamicActiveRecordPgsqlTest.php" line="383" assertions="8" time="3.010549"/>
    <testcase name="testFind" class="tests\unit\DynamicActiveRecordPgsqlTest" file="/home/nexus/NetBeansProjects/yii2-dynamic-ar/tests/unit/DynamicActiveRecordPgsqlTest.php" line="399" assertions="27" time="2.604081"/>
    <testcase name="testFindAsArray" class="tests\unit\DynamicActiveRecordPgsqlTest" file="/home/nexus/NetBeansProjects/yii2-dynamic-ar/tests/unit/DynamicActiveRecordPgsqlTest.php" line="419" assertions="1" time="4.562662">
      <failure type="PHPUnit_Framework_ExpectationFailedException">tests\unit\DynamicActiveRecordPgsqlTest::testFindAsArray
Failed asserting that two arrays are equal.
--- Expected
+++ Actual
@@ @@
     'profile_id' =&gt; null
+    'bool_status' =&gt; true
 )

/home/nexus/NetBeansProjects/yii2-dynamic-ar/vendor/yiisoft/yii2-dev/tests/framework/ar/ActiveRecordTestTrait.php:127
/home/nexus/NetBeansProjects/yii2-dynamic-ar/tests/unit/DynamicActiveRecordTestPgJson.php:421
/usr/local/bin/phpunit:581
</failure>
    </testcase>
    <testcase name="testFindIndexBy" class="tests\unit\DynamicActiveRecordPgsqlTest" file="/home/nexus/NetBeansProjects/yii2-dynamic-ar/tests/unit/DynamicActiveRecordPgsqlTest.php" line="448" assertions="16" time="2.516442"/>
    <testcase name="testFindIndexByAsArray" class="tests\unit\DynamicActiveRecordPgsqlTest" file="/home/nexus/NetBeansProjects/yii2-dynamic-ar/tests/unit/DynamicActiveRecordPgsqlTest.php" line="469" assertions="52" time="2.539244"/>
    <testcase name="testRefresh" class="tests\unit\DynamicActiveRecordPgsqlTest" file="/home/nexus/NetBeansProjects/yii2-dynamic-ar/tests/unit/DynamicActiveRecordPgsqlTest.php" line="505" assertions="7" time="2.560676"/>
    <testcase name="testEquals" class="tests\unit\DynamicActiveRecordPgsqlTest" file="/home/nexus/NetBeansProjects/yii2-dynamic-ar/tests/unit/DynamicActiveRecordPgsqlTest.php" line="520" assertions="8" time="2.556554"/>
    <testcase name="testFindCount" class="tests\unit\DynamicActiveRecordPgsqlTest" file="/home/nexus/NetBeansProjects/yii2-dynamic-ar/tests/unit/DynamicActiveRecordPgsqlTest.php" line="536" assertions="14" time="2.567699"/>
    <testcase name="testFindComplexCondition" class="tests\unit\DynamicActiveRecordPgsqlTest" file="/home/nexus/NetBeansProjects/yii2-dynamic-ar/tests/unit/DynamicActiveRecordPgsqlTest.php" line="548" assertions="9" time="2.639747">
      <failure type="PHPUnit_Framework_ExpectationFailedException">tests\unit\DynamicActiveRecordPgsqlTest::testFindComplexCondition
Failed asserting that '0' matches expected 2.

/home/nexus/NetBeansProjects/yii2-dynamic-ar/tests/unit/DynamicActiveRecordTestPgJson.php:556
/usr/local/bin/phpunit:581
</failure>
    </testcase>
    <testcase name="testFindNullValues" class="tests\unit\DynamicActiveRecordPgsqlTest" file="/home/nexus/NetBeansProjects/yii2-dynamic-ar/tests/unit/DynamicActiveRecordPgsqlTest.php" line="571" assertions="4" time="2.604350"/>
    <testcase name="testExists" class="tests\unit\DynamicActiveRecordPgsqlTest" file="/home/nexus/NetBeansProjects/yii2-dynamic-ar/tests/unit/DynamicActiveRecordPgsqlTest.php" line="584" assertions="11" time="2.531182"/>
    <testcase name="testFindLazy" class="tests\unit\DynamicActiveRecordPgsqlTest" file="/home/nexus/NetBeansProjects/yii2-dynamic-ar/tests/unit/DynamicActiveRecordPgsqlTest.php" line="594" assertions="18" time="2.669571"/>
    <testcase name="testFindEager" class="tests\unit\DynamicActiveRecordPgsqlTest" file="/home/nexus/NetBeansProjects/yii2-dynamic-ar/tests/unit/DynamicActiveRecordPgsqlTest.php" line="614" assertions="24" time="2.774649"/>
    <testcase name="testRelationsWhereDynamicColumnMissing" class="tests\unit\DynamicActiveRecordPgsqlTest" file="/home/nexus/NetBeansProjects/yii2-dynamic-ar/tests/unit/DynamicActiveRecordPgsqlTest.php" line="628" assertions="2" time="2.797365"/>
    <testcase name="testInsert" class="tests\unit\DynamicActiveRecordPgsqlTest" file="/home/nexus/NetBeansProjects/yii2-dynamic-ar/tests/unit/DynamicActiveRecordPgsqlTest.php" line="638" assertions="14" time="2.649799"/>
    <testcase name="testUpdate" class="tests\unit\DynamicActiveRecordPgsqlTest" file="/home/nexus/NetBeansProjects/yii2-dynamic-ar/tests/unit/DynamicActiveRecordPgsqlTest.php" line="666" assertions="20" time="2.622788"/>
    <testcase name="testUpdateAttributes" class="tests\unit\DynamicActiveRecordPgsqlTest" file="/home/nexus/NetBeansProjects/yii2-dynamic-ar/tests/unit/DynamicActiveRecordPgsqlTest.php" line="698" assertions="10" time="2.548797"/>
    <testcase name="testBooleanAttribute" class="tests\unit\DynamicActiveRecordPgsqlTest" file="/home/nexus/NetBeansProjects/yii2-dynamic-ar/tests/unit/DynamicActiveRecordPgsqlTest.php" line="727" assertions="2" time="2.760269">
      <error type="yii\db\Exception">tests\unit\DynamicActiveRecordPgsqlTest::testBooleanAttribute
yii\db\Exception: SQLSTATE[22P02]: Invalid text representation: 7 ERROR:  invalid input syntax for integer: "t"
The SQL being executed was: SELECT * FROM "customer" WHERE "status"=TRUE

/home/nexus/NetBeansProjects/yii2-dynamic-ar/vendor/yiisoft/yii2-dev/framework/db/Schema.php:636
/home/nexus/NetBeansProjects/yii2-dynamic-ar/vendor/yiisoft/yii2-dev/framework/db/Command.php:917
/home/nexus/NetBeansProjects/yii2-dynamic-ar/vendor/yiisoft/yii2-dev/framework/db/Command.php:362
/home/nexus/NetBeansProjects/yii2-dynamic-ar/vendor/yiisoft/yii2-dev/framework/db/Query.php:213
/home/nexus/NetBeansProjects/yii2-dynamic-ar/vendor/yiisoft/yii2-dev/framework/db/ActiveQuery.php:133
/home/nexus/NetBeansProjects/yii2-dynamic-ar/vendor/yiisoft/yii2-dev/tests/framework/ar/ActiveRecordTestTrait.php:1090
/home/nexus/NetBeansProjects/yii2-dynamic-ar/tests/unit/DynamicActiveRecordTestPgJson.php:729
/usr/local/bin/phpunit:581
</error>
    </testcase>
    <testcase name="testFindEmptyInCondition" class="tests\unit\DynamicActiveRecordPgsqlTest" file="/home/nexus/NetBeansProjects/yii2-dynamic-ar/tests/unit/DynamicActiveRecordPgsqlTest.php" line="749" assertions="8" time="2.935457"/>
    <testcase name="testFindExists" class="tests\unit\DynamicActiveRecordPgsqlTest" file="/home/nexus/NetBeansProjects/yii2-dynamic-ar/tests/unit/DynamicActiveRecordPgsqlTest.php" line="103" assertions="4" time="2.556177"/>
    <testcase name="testCountWithFindBySql" class="tests\unit\DynamicActiveRecordPgsqlTest" file="/home/nexus/NetBeansProjects/yii2-dynamic-ar/tests/unit/DynamicActiveRecordPgsqlTest.php" line="140" assertions="2" time="2.596446"/>
    <testcase name="testFindLazyViaTable" class="tests\unit\DynamicActiveRecordPgsqlTest" file="/home/nexus/NetBeansProjects/yii2-dynamic-ar/tests/unit/DynamicActiveRecordPgsqlTest.php" line="148" assertions="7" time="2.677323"/>
    <testcase name="testFindEagerViaTable" class="tests\unit\DynamicActiveRecordPgsqlTest" file="/home/nexus/NetBeansProjects/yii2-dynamic-ar/tests/unit/DynamicActiveRecordPgsqlTest.php" line="165" assertions="17" time="2.651831"/>
    <testcase name="testDeeplyNestedTableRelation" class="tests\unit\DynamicActiveRecordPgsqlTest" file="/home/nexus/NetBeansProjects/yii2-dynamic-ar/tests/unit/DynamicActiveRecordPgsqlTest.php" line="199" assertions="6" time="2.633143"/>
    <testcase name="testDeeplyNestedTableRelation2" class="tests\unit\DynamicActiveRecordPgsqlTest" file="/home/nexus/NetBeansProjects/yii2-dynamic-ar/tests/unit/DynamicActiveRecordPgsqlTest.php" line="220" assertions="9" time="2.618428"/>
    <testcase name="testStoreNull" class="tests\unit\DynamicActiveRecordPgsqlTest" file="/home/nexus/NetBeansProjects/yii2-dynamic-ar/tests/unit/DynamicActiveRecordPgsqlTest.php" line="242" assertions="19" time="2.675504"/>
    <testcase name="testStoreEmpty" class="tests\unit\DynamicActiveRecordPgsqlTest" file="/home/nexus/NetBeansProjects/yii2-dynamic-ar/tests/unit/DynamicActiveRecordPgsqlTest.php" line="290" assertions="3" time="2.909132"/>
    <testcase name="testIsPrimaryKey" class="tests\unit\DynamicActiveRecordPgsqlTest" file="/home/nexus/NetBeansProjects/yii2-dynamic-ar/tests/unit/DynamicActiveRecordPgsqlTest.php" line="308" assertions="12" time="2.669848"/>
    <testcase name="testJoinWith" class="tests\unit\DynamicActiveRecordPgsqlTest" file="/home/nexus/NetBeansProjects/yii2-dynamic-ar/tests/unit/DynamicActiveRecordPgsqlTest.php" line="325" assertions="88" time="2.795546"/>
    <testcase name="testJoinWithAndScope" class="tests\unit\DynamicActiveRecordPgsqlTest" file="/home/nexus/NetBeansProjects/yii2-dynamic-ar/tests/unit/DynamicActiveRecordPgsqlTest.php" line="520" assertions="15" time="2.634728"/>
    <testcase name="testJoinWithVia" class="tests\unit\DynamicActiveRecordPgsqlTest" file="/home/nexus/NetBeansProjects/yii2-dynamic-ar/tests/unit/DynamicActiveRecordPgsqlTest.php" line="555" assertions="0" time="2.744260"/>
    <testsuite name="tests\unit\DynamicActiveRecordPgsqlTest::testJoinWithAlias" tests="1" assertions="60" failures="0" errors="0" time="2.737615">
      <testcase name="testJoinWithAlias with data set #0" assertions="60" time="2.737615"/>
    </testsuite>
    <testcase name="testJoinWithSameTable" class="tests\unit\DynamicActiveRecordPgsqlTest" file="/home/nexus/NetBeansProjects/yii2-dynamic-ar/tests/unit/DynamicActiveRecordPgsqlTest.php" line="769" assertions="21" time="2.701143"/>
    <testcase name="testFindCompositeRelationWithJoin" class="tests\unit\DynamicActiveRecordPgsqlTest" file="/home/nexus/NetBeansProjects/yii2-dynamic-ar/tests/unit/DynamicActiveRecordPgsqlTest.php" line="833" assertions="2" time="2.597514"/>
    <testcase name="testFindSimpleRelationWithJoin" class="tests\unit\DynamicActiveRecordPgsqlTest" file="/home/nexus/NetBeansProjects/yii2-dynamic-ar/tests/unit/DynamicActiveRecordPgsqlTest.php" line="845" assertions="5" time="2.654693"/>
    <testsuite name="tests\unit\DynamicActiveRecordPgsqlTest::testRelationWhereParams" tests="4" assertions="8" failures="0" errors="0" time="10.435423">
      <testcase name="testRelationWhereParams with data set #0" assertions="2" time="2.565256"/>
      <testcase name="testRelationWhereParams with data set #1" assertions="2" time="2.585807"/>
      <testcase name="testRelationWhereParams with data set #2" assertions="2" time="2.696850"/>
      <testcase name="testRelationWhereParams with data set #3" assertions="2" time="2.587510"/>
    </testsuite>
    <testcase name="testAlias" class="tests\unit\DynamicActiveRecordPgsqlTest" file="/home/nexus/NetBeansProjects/yii2-dynamic-ar/tests/unit/DynamicActiveRecordPgsqlTest.php" line="897" assertions="4" time="2.918605"/>
    <testcase name="testInverseOf" class="tests\unit\DynamicActiveRecordPgsqlTest" file="/home/nexus/NetBeansProjects/yii2-dynamic-ar/tests/unit/DynamicActiveRecordPgsqlTest.php" line="918" assertions="26" time="3.100283"/>
    <testcase name="testInverseOfDynamic" class="tests\unit\DynamicActiveRecordPgsqlTest" file="/home/nexus/NetBeansProjects/yii2-dynamic-ar/tests/unit/DynamicActiveRecordPgsqlTest.php" line="973" assertions="6" time="2.681862"/>
    <testcase name="testDefaultValues" class="tests\unit\DynamicActiveRecordPgsqlTest" file="/home/nexus/NetBeansProjects/yii2-dynamic-ar/tests/unit/DynamicActiveRecordPgsqlTest.php" line="999" assertions="8" time="2.595890"/>
    <testcase name="testUnlinkAllViaTable" class="tests\unit\DynamicActiveRecordPgsqlTest" file="/home/nexus/NetBeansProjects/yii2-dynamic-ar/tests/unit/DynamicActiveRecordPgsqlTest.php" line="1029" assertions="11" time="2.657753"/>
    <testcase name="testCastValues" class="tests\unit\DynamicActiveRecordPgsqlTest" file="/home/nexus/NetBeansProjects/yii2-dynamic-ar/tests/unit/DynamicActiveRecordPgsqlTest.php" line="1063" assertions="6" time="2.658988"/>
    <testcase name="testIssues" class="tests\unit\DynamicActiveRecordPgsqlTest" file="/home/nexus/NetBeansProjects/yii2-dynamic-ar/tests/unit/DynamicActiveRecordPgsqlTest.php" line="1092" assertions="13" time="2.730404"/>
    <testcase name="testPopulateRecordCallWhenQueryingOnParentClass" class="tests\unit\DynamicActiveRecordPgsqlTest" file="/home/nexus/NetBeansProjects/yii2-dynamic-ar/tests/unit/DynamicActiveRecordPgsqlTest.php" line="1122" assertions="2" time="2.667006"/>
    <testcase name="testSaveEmpty" class="tests\unit\DynamicActiveRecordPgsqlTest" file="/home/nexus/NetBeansProjects/yii2-dynamic-ar/tests/unit/DynamicActiveRecordPgsqlTest.php" line="1134" assertions="2" time="2.650453"/>
    <testcase name="testOptimisticLock" class="tests\unit\DynamicActiveRecordPgsqlTest" file="/home/nexus/NetBeansProjects/yii2-dynamic-ar/tests/unit/DynamicActiveRecordPgsqlTest.php" line="1141" assertions="2" time="2.657075"/>
    <testcase name="testPopulateWithoutPk" class="tests\unit\DynamicActiveRecordPgsqlTest" file="/home/nexus/NetBeansProjects/yii2-dynamic-ar/tests/unit/DynamicActiveRecordPgsqlTest.php" line="1157" assertions="11" time="2.620862"/>
    <testcase name="testBit" class="tests\unit\DynamicActiveRecordPgsqlTest" file="/home/nexus/NetBeansProjects/yii2-dynamic-ar/tests/unit/DynamicActiveRecordPgsqlTest.php" line="1244" assertions="2" time="2.648689"/>
    <testcase name="testLinkWhenRelationIsIndexed2" class="tests\unit\DynamicActiveRecordPgsqlTest" file="/home/nexus/NetBeansProjects/yii2-dynamic-ar/tests/unit/DynamicActiveRecordPgsqlTest.php" line="1253" assertions="1" time="2.643984"/>
    <testcase name="testLinkWhenRelationIsIndexed3" class="tests\unit\DynamicActiveRecordPgsqlTest" file="/home/nexus/NetBeansProjects/yii2-dynamic-ar/tests/unit/DynamicActiveRecordPgsqlTest.php" line="1269" assertions="1" time="2.954442"/>
    <testcase name="testEmulateExecution" class="tests\unit\DynamicActiveRecordPgsqlTest" file="/home/nexus/NetBeansProjects/yii2-dynamic-ar/tests/unit/DynamicActiveRecordPgsqlTest.php" line="1303" assertions="11" time="2.575976"/>
    <testcase name="testUnlinkAllOnCondition" class="tests\unit\DynamicActiveRecordPgsqlTest" file="/home/nexus/NetBeansProjects/yii2-dynamic-ar/tests/unit/DynamicActiveRecordPgsqlTest.php" line="1363" assertions="4" time="2.656744"/>
    <testcase name="testUnlinkAllOnConditionViaTable" class="tests\unit\DynamicActiveRecordPgsqlTest" file="/home/nexus/NetBeansProjects/yii2-dynamic-ar/tests/unit/DynamicActiveRecordPgsqlTest.php" line="1394" assertions="4" time="2.654252"/>
    <testcase name="testHasAttribute" class="tests\unit\DynamicActiveRecordPgsqlTest" file="/home/nexus/NetBeansProjects/yii2-dynamic-ar/tests/unit/DynamicActiveRecordPgsqlTest.php" line="149" assertions="10" time="2.598381"/>
    <testcase name="testFindLimit" class="tests\unit\DynamicActiveRecordPgsqlTest" file="/home/nexus/NetBeansProjects/yii2-dynamic-ar/tests/unit/DynamicActiveRecordPgsqlTest.php" line="327" assertions="16" time="2.527460"/>
    <testcase name="testFindLazyVia" class="tests\unit\DynamicActiveRecordPgsqlTest" file="/home/nexus/NetBeansProjects/yii2-dynamic-ar/tests/unit/DynamicActiveRecordPgsqlTest.php" line="488" assertions="4" time="2.604858"/>
    <testcase name="testFindLazyVia2" class="tests\unit\DynamicActiveRecordPgsqlTest" file="/home/nexus/NetBeansProjects/yii2-dynamic-ar/tests/unit/DynamicActiveRecordPgsqlTest.php" line="502" assertions="1" time="2.584615"/>
    <testcase name="testFindEagerViaRelation" class="tests\unit\DynamicActiveRecordPgsqlTest" file="/home/nexus/NetBeansProjects/yii2-dynamic-ar/tests/unit/DynamicActiveRecordPgsqlTest.php" line="514" assertions="6" time="2.611365"/>
    <testcase name="testFindNestedRelation" class="tests\unit\DynamicActiveRecordPgsqlTest" file="/home/nexus/NetBeansProjects/yii2-dynamic-ar/tests/unit/DynamicActiveRecordPgsqlTest.php" line="530" assertions="17" time="2.668437"/>
    <testcase name="testFindEagerViaRelationPreserveOrder" class="tests\unit\DynamicActiveRecordPgsqlTest" file="/home/nexus/NetBeansProjects/yii2-dynamic-ar/tests/unit/DynamicActiveRecordPgsqlTest.php" line="566" assertions="16" time="3.142084"/>
    <testcase name="testFindEagerViaRelationPreserveOrderB" class="tests\unit\DynamicActiveRecordPgsqlTest" file="/home/nexus/NetBeansProjects/yii2-dynamic-ar/tests/unit/DynamicActiveRecordPgsqlTest.php" line="629" assertions="16" time="2.878651"/>
    <testcase name="testLink" class="tests\unit\DynamicActiveRecordPgsqlTest" file="/home/nexus/NetBeansProjects/yii2-dynamic-ar/tests/unit/DynamicActiveRecordPgsqlTest.php" line="659" assertions="19" time="2.743939"/>
    <testcase name="testUnlink" class="tests\unit\DynamicActiveRecordPgsqlTest" file="/home/nexus/NetBeansProjects/yii2-dynamic-ar/tests/unit/DynamicActiveRecordPgsqlTest.php" line="712" assertions="14" time="2.717495"/>
    <testcase name="testUnlinkAll" class="tests\unit\DynamicActiveRecordPgsqlTest" file="/home/nexus/NetBeansProjects/yii2-dynamic-ar/tests/unit/DynamicActiveRecordPgsqlTest.php" line="765" assertions="22" time="2.847621"/>
    <testcase name="testUnlinkAllAndConditionSetNull" class="tests\unit\DynamicActiveRecordPgsqlTest" file="/home/nexus/NetBeansProjects/yii2-dynamic-ar/tests/unit/DynamicActiveRecordPgsqlTest.php" line="831" assertions="8" time="2.697761"/>
    <testcase name="testUnlinkAllAndConditionDelete" class="tests\unit\DynamicActiveRecordPgsqlTest" file="/home/nexus/NetBeansProjects/yii2-dynamic-ar/tests/unit/DynamicActiveRecordPgsqlTest.php" line="857" assertions="8" time="2.676744"/>
    <testcase name="testExplicitPkOnAutoIncrement" class="tests\unit\DynamicActiveRecordPgsqlTest" file="/home/nexus/NetBeansProjects/yii2-dynamic-ar/tests/unit/DynamicActiveRecordPgsqlTest.php" line="910" assertions="3" time="2.636729"/>
    <testcase name="testUpdateCounters" class="tests\unit\DynamicActiveRecordPgsqlTest" file="/home/nexus/NetBeansProjects/yii2-dynamic-ar/tests/unit/DynamicActiveRecordPgsqlTest.php" line="1007" assertions="8" time="2.644649"/>
    <testcase name="testDelete" class="tests\unit\DynamicActiveRecordPgsqlTest" file="/home/nexus/NetBeansProjects/yii2-dynamic-ar/tests/unit/DynamicActiveRecordPgsqlTest.php" line="1038" assertions="7" time="2.629447"/>
    <testcase name="testAfterFind" class="tests\unit\DynamicActiveRecordPgsqlTest" file="/home/nexus/NetBeansProjects/yii2-dynamic-ar/tests/unit/DynamicActiveRecordPgsqlTest.php" line="1097" assertions="10" time="2.633281"/>
    <testcase name="testAfterRefresh" class="tests\unit\DynamicActiveRecordPgsqlTest" file="/home/nexus/NetBeansProjects/yii2-dynamic-ar/tests/unit/DynamicActiveRecordPgsqlTest.php" line="1154" assertions="2" time="2.616582"/>
    <testcase name="testFindEagerIndexBy" class="tests\unit\DynamicActiveRecordPgsqlTest" file="/home/nexus/NetBeansProjects/yii2-dynamic-ar/tests/unit/DynamicActiveRecordPgsqlTest.php" line="1194" assertions="9" time="2.580902"/>
    <testcase name="testAttributeAccess" class="tests\unit\DynamicActiveRecordPgsqlTest" file="/home/nexus/NetBeansProjects/yii2-dynamic-ar/tests/unit/DynamicActiveRecordPgsqlTest.php" line="1219" assertions="21" time="2.941500"/>
  </testsuite>
</testsuites>
